Determining if the pthread_create exist failed with the following output:
Change Dir: /home/avi/Documents/learn/udacity_robond/workspace/catkin_ws/src/build_my_world/build/CMakeFiles/CMakeTmp

Run Build Command:"/usr/bin/make" "cmTC_b7c91/fast"
/usr/bin/make -f CMakeFiles/cmTC_b7c91.dir/build.make CMakeFiles/cmTC_b7c91.dir/build
make[1]: Entering directory '/home/avi/Documents/learn/udacity_robond/workspace/catkin_ws/src/build_my_world/build/CMakeFiles/CMakeTmp'
Building C object CMakeFiles/cmTC_b7c91.dir/CheckSymbolExists.c.o
/usr/bin/cc    -o CMakeFiles/cmTC_b7c91.dir/CheckSymbolExists.c.o   -c /home/avi/Documents/learn/udacity_robond/workspace/catkin_ws/src/build_my_world/build/CMakeFiles/CMakeTmp/CheckSymbolExists.c
Linking C executable cmTC_b7c91
/usr/bin/cmake -E cmake_link_script CMakeFiles/cmTC_b7c91.dir/link.txt --verbose=1
/usr/bin/cc      -rdynamic CMakeFiles/cmTC_b7c91.dir/CheckSymbolExists.c.o  -o cmTC_b7c91 
CMakeFiles/cmTC_b7c91.dir/CheckSymbolExists.c.o: In function `main':
CheckSymbolExists.c:(.text+0x1b): undefined reference to `pthread_create'
collect2: error: ld returned 1 exit status
CMakeFiles/cmTC_b7c91.dir/build.make:97: recipe for target 'cmTC_b7c91' failed
make[1]: *** [cmTC_b7c91] Error 1
make[1]: Leaving directory '/home/avi/Documents/learn/udacity_robond/workspace/catkin_ws/src/build_my_world/build/CMakeFiles/CMakeTmp'
Makefile:126: recipe for target 'cmTC_b7c91/fast' failed
make: *** [cmTC_b7c91/fast] Error 2

File /home/avi/Documents/learn/udacity_robond/workspace/catkin_ws/src/build_my_world/build/CMakeFiles/CMakeTmp/CheckSymbolExists.c:
/* */
#include <pthread.h>

int main(int argc, char** argv)
{
  (void)argv;
#ifndef pthread_create
  return ((int*)(&pthread_create))[argc];
#else
  (void)argc;
  return 0;
#endif
}

Determining if the function pthread_create exists in the pthreads failed with the following output:
Change Dir: /home/avi/Documents/learn/udacity_robond/workspace/catkin_ws/src/build_my_world/build/CMakeFiles/CMakeTmp

Run Build Command:"/usr/bin/make" "cmTC_c5dc6/fast"
/usr/bin/make -f CMakeFiles/cmTC_c5dc6.dir/build.make CMakeFiles/cmTC_c5dc6.dir/build
make[1]: Entering directory '/home/avi/Documents/learn/udacity_robond/workspace/catkin_ws/src/build_my_world/build/CMakeFiles/CMakeTmp'
Building C object CMakeFiles/cmTC_c5dc6.dir/CheckFunctionExists.c.o
/usr/bin/cc   -DCHECK_FUNCTION_EXISTS=pthread_create   -o CMakeFiles/cmTC_c5dc6.dir/CheckFunctionExists.c.o   -c /usr/share/cmake-3.10/Modules/CheckFunctionExists.c
Linking C executable cmTC_c5dc6
/usr/bin/cmake -E cmake_link_script CMakeFiles/cmTC_c5dc6.dir/link.txt --verbose=1
/usr/bin/cc  -DCHECK_FUNCTION_EXISTS=pthread_create    -rdynamic CMakeFiles/cmTC_c5dc6.dir/CheckFunctionExists.c.o  -o cmTC_c5dc6 -lpthreads 
/usr/bin/ld: cannot find -lpthreads
collect2: error: ld returned 1 exit status
CMakeFiles/cmTC_c5dc6.dir/build.make:97: recipe for target 'cmTC_c5dc6' failed
make[1]: *** [cmTC_c5dc6] Error 1
make[1]: Leaving directory '/home/avi/Documents/learn/udacity_robond/workspace/catkin_ws/src/build_my_world/build/CMakeFiles/CMakeTmp'
Makefile:126: recipe for target 'cmTC_c5dc6/fast' failed
make: *** [cmTC_c5dc6/fast] Error 2


